<?xml version="1.0" encoding="UTF-8"?>
<!-- Generated by org.testng.reporters.JUnitReportReporter -->
<testsuite hostname="LAPTOP-BBMPECM7" failures="0" tests="5" name="testCases.AdminModule" time="22.308" errors="0" timestamp="2025-08-12T11:54:57 IST" skipped="4">
  <testcase classname="testCases.AdminModule" name="TC_45" time="22.308"/>
  <testcase classname="testCases.AdminModule" name="TC_39">
    <skipped/>
  </testcase> <!-- TC_39 -->
  <testcase classname="testCases.AdminModule" name="TC_33">
    <skipped/>
  </testcase> <!-- TC_33 -->
  <testcase classname="testCases.AdminModule" name="adminTest_Tc_Deleteuser">
    <skipped/>
  </testcase> <!-- adminTest_Tc_Deleteuser -->
  <testcase classname="testCases.AdminModule" name="TC_40">
    <skipped/>
  </testcase> <!-- TC_40 -->
</testsuite> <!-- testCases.AdminModule -->
