<?xml version="1.0" encoding="UTF-8"?>
<!-- Generated by org.testng.reporters.JUnitReportReporter -->
<testsuite hostname="LAPTOP-BBMPECM7" failures="0" tests="1" name="testCases.prcatice" time="4.837" errors="0" timestamp="2025-07-07T08:53:54 IST" skipped="0">
  <testcase classname="testCases.prcatice" name="testscreenshop" time="4.837"/>
</testsuite> <!-- testCases.prcatice -->
