<?xml version="1.0" encoding="UTF-8"?>
<!-- Generated by org.testng.reporters.JUnitReportReporter -->
<testsuite hostname="LAPTOP-BBMPECM7" failures="0" tests="1" name="testCases.AdminModule" time="20.973" errors="0" timestamp="2025-07-05T19:54:40 IST" skipped="0">
  <testcase classname="testCases.AdminModule" name="adminTest_Tc_22to23" time="20.973"/>
</testsuite> <!-- testCases.AdminModule -->
