<?xml version="1.0" encoding="UTF-8"?>
<!-- Generated by org.testng.reporters.JUnitReportReporter -->
<testsuite hostname="LAPTOP-BBMPECM7" failures="0" tests="1" name="testCases.AdminModule" time="42.409" errors="0" timestamp="2025-07-19T22:12:04 IST" skipped="0">
  <testcase classname="testCases.AdminModule" name="adminTest_Tc_Deleteuser" time="42.409"/>
</testsuite> <!-- testCases.AdminModule -->
