<?xml version="1.0" encoding="UTF-8"?>
<!-- Generated by org.testng.reporters.JUnitReportReporter -->
<testsuite hostname="LAPTOP-BBMPECM7" failures="0" tests="1" name="testCases.AdminModule" time="30.415" errors="0" timestamp="2025-07-12T19:17:13 IST" skipped="0">
  <testcase classname="testCases.AdminModule" name="adminTest_Tc_Deleteuser" time="30.415"/>
</testsuite> <!-- testCases.AdminModule -->
