<?xml version="1.0" encoding="UTF-8"?>
<!-- Generated by org.testng.reporters.JUnitReportReporter -->
<testsuite hostname="LAPTOP-BBMPECM7" failures="0" tests="1" name="handldatepicker" time="11.549" errors="0" timestamp="2025-06-28T19:58:05 IST" skipped="0">
  <testcase classname="handldatepicker" name="multiDropdown" time="11.549"/>
</testsuite> <!-- handldatepicker -->
