<?xml version="1.0" encoding="UTF-8"?>
<!-- Generated by org.testng.reporters.JUnitReportReporter -->
<testsuite hostname="LAPTOP-BBMPECM7" failures="0" tests="6" name="testCases.AdminModule" time="19.273" errors="0" timestamp="2025-08-30T22:11:12 IST" skipped="5">
  <testcase classname="testCases.AdminModule" name="TC_47" time="19.273"/>
  <testcase classname="testCases.AdminModule" name="TC_45">
    <skipped/>
  </testcase> <!-- TC_45 -->
  <testcase classname="testCases.AdminModule" name="adminTest_Tc_Deleteuser">
    <skipped/>
  </testcase> <!-- adminTest_Tc_Deleteuser -->
  <testcase classname="testCases.AdminModule" name="TC_33">
    <skipped/>
  </testcase> <!-- TC_33 -->
  <testcase classname="testCases.AdminModule" name="TC_40">
    <skipped/>
  </testcase> <!-- TC_40 -->
  <testcase classname="testCases.AdminModule" name="TC_39">
    <skipped/>
  </testcase> <!-- TC_39 -->
</testsuite> <!-- testCases.AdminModule -->
