<?xml version="1.0" encoding="UTF-8"?>
<!-- Generated by org.testng.reporters.JUnitReportReporter -->
<testsuite hostname="LAPTOP-BBMPECM7" failures="0" tests="1" name="testCasesAivoa.Testing" time="26.437" errors="0" timestamp="2025-06-30T16:55:32 IST" skipped="0">
  <testcase classname="testCasesAivoa.Testing" name="validateCampaignNameMaxCharLimit" time="26.437"/>
</testsuite> <!-- testCasesAivoa.Testing -->
