<?xml version="1.0" encoding="UTF-8"?>
<!-- Generated by org.testng.reporters.JUnitReportReporter -->
<testsuite hostname="LAPTOP-BBMPECM7" failures="0" tests="1" name="testCases.loginModule" time="72.150" errors="0" timestamp="2025-06-27T19:32:45 IST" skipped="0">
  <testcase classname="testCases.loginModule" name="logintest" time="72.150"/>
</testsuite> <!-- testCases.loginModule -->
