<?xml version="1.0" encoding="UTF-8"?>
<!-- Generated by org.testng.reporters.JUnitReportReporter -->
<testsuite hostname="LAPTOP-BBMPECM7" failures="0" tests="1" name="testCases.drop" time="13.695" errors="0" timestamp="2025-07-05T19:52:51 IST" skipped="0">
  <testcase classname="testCases.drop" name="adminTest_TC21" time="13.695"/>
</testsuite> <!-- testCases.drop -->
