<?xml version="1.0" encoding="UTF-8"?>
<!-- Generated by org.testng.reporters.JUnitReportReporter -->
<testsuite hostname="LAPTOP-BBMPECM7" failures="0" tests="1" name="testCases.AdminModule" time="33.572" errors="0" timestamp="2025-07-08T18:42:13 IST" skipped="0">
  <testcase classname="testCases.AdminModule" name="adminTest_Tc_24" time="33.572"/>
</testsuite> <!-- testCases.AdminModule -->
