<?xml version="1.0" encoding="UTF-8"?>
<!-- Generated by org.testng.reporters.JUnitReportReporter -->
<testsuite hostname="LAPTOP-BBMPECM7" failures="0" tests="2" name="testCases.Logoutfunctionality" time="9.262" errors="0" timestamp="2025-07-01T20:16:18 IST" skipped="0">
  <testcase classname="testCases.Logoutfunctionality" name="TC_1_logout" time="4.062"/>
  <testcase classname="testCases.Logoutfunctionality" name="TC_2_AND_3" time="5.200"/>
</testsuite> <!-- testCases.Logoutfunctionality -->
