<?xml version="1.0" encoding="UTF-8"?>
<!-- Generated by org.testng.reporters.JUnitReportReporter -->
<testsuite hostname="LAPTOP-BBMPECM7" failures="0" tests="1" name="testCases.practice" time="5.283" errors="0" timestamp="2025-07-06T18:02:45 IST" skipped="0">
  <testcase classname="testCases.practice" name="actionsPractice" time="5.283"/>
</testsuite> <!-- testCases.practice -->
