<?xml version="1.0" encoding="UTF-8"?>
<!-- Generated by org.testng.reporters.JUnitReportReporter -->
<testsuite hostname="LAPTOP-BBMPECM7" failures="0" tests="1" name="testCases.loginModule" time="71.062" errors="0" timestamp="2025-07-01T20:21:07 IST" skipped="0">
  <testcase classname="testCases.loginModule" name="logintest" time="71.062"/>
</testsuite> <!-- testCases.loginModule -->
